This is pdfTeX, Version 3.1415926-2.4-1.40.13 (TeX Live 2012/Debian) (format=pdflatex 2013.1.11)  9 JUL 2013 07:30
entering extended mode
 restricted \write18 enabled.
 %&-line parsing enabled.
**3manifoldsArePlaneGraphs.tex
(./3manifoldsArePlaneGraphs.tex
LaTeX2e <2011/06/27>
Babel <v3.8m> and hyphenation patterns for english, dumylang, nohyphenation, et
hiopic, farsi, arabic, pinyin, croatian, bulgarian, ukrainian, russian, slovak,
 czech, danish, dutch, usenglishmax, ukenglish, finnish, french, basque, ngerma
n, german, swissgerman, ngerman-x-2012-05-30, german-x-2012-05-30, monogreek, g
reek, ibycus, ancientgreek, hungarian, bengali, tamil, hindi, telugu, gujarati,
 sanskrit, malayalam, kannada, assamese, marathi, oriya, panjabi, italian, lati
n, latvian, lithuanian, mongolian, mongolianlmc, nynorsk, bokmal, indonesian, e
speranto, coptic, welsh, irish, interlingua, serbian, serbianc, slovenian, friu
lan, romansh, estonian, romanian, armenian, uppersorbian, turkish, afrikaans, i
celandic, kurmanji, polish, portuguese, galician, catalan, spanish, swedish, th
ai, loaded.
(/usr/share/texlive/texmf-dist/tex/latex/base/article.cls
Document Class: article 2007/10/19 v1.4h Standard LaTeX document class
(/usr/share/texlive/texmf-dist/tex/latex/base/size12.clo
File: size12.clo 2007/10/19 v1.4h Standard LaTeX file (size option)
)
\c@part=\count79
\c@section=\count80
\c@subsection=\count81
\c@subsubsection=\count82
\c@paragraph=\count83
\c@subparagraph=\count84
\c@figure=\count85
\c@table=\count86
\abovecaptionskip=\skip41
\belowcaptionskip=\skip42
\bibindent=\dimen102
)
(/usr/share/texlive/texmf-dist/tex/latex/geometry/geometry.sty
Package: geometry 2010/09/12 v5.6 Page Geometry

(/usr/share/texlive/texmf-dist/tex/latex/graphics/keyval.sty
Package: keyval 1999/03/16 v1.13 key=value parser (DPC)
\KV@toks@=\toks14
)
(/usr/share/texlive/texmf-dist/tex/generic/oberdiek/ifpdf.sty
Package: ifpdf 2011/01/30 v2.3 Provides the ifpdf switch (HO)
Package ifpdf Info: pdfTeX in PDF mode is detected.
)
(/usr/share/texlive/texmf-dist/tex/generic/oberdiek/ifvtex.sty
Package: ifvtex 2010/03/01 v1.5 Detect VTeX and its facilities (HO)
Package ifvtex Info: VTeX not detected.
)
(/usr/share/texlive/texmf-dist/tex/generic/ifxetex/ifxetex.sty
Package: ifxetex 2010/09/12 v0.6 Provides ifxetex conditional
)
\Gm@cnth=\count87
\Gm@cntv=\count88
\c@Gm@tempcnt=\count89
\Gm@bindingoffset=\dimen103
\Gm@wd@mp=\dimen104
\Gm@odd@mp=\dimen105
\Gm@even@mp=\dimen106
\Gm@layoutwidth=\dimen107
\Gm@layoutheight=\dimen108
\Gm@layouthoffset=\dimen109
\Gm@layoutvoffset=\dimen110
\Gm@dimlist=\toks15
) (./a1.sty
\c@theorem=\count90
)
(/var/lib/texmf/tex/generic/babel/babel.sty
Package: babel 2008/07/08 v3.8m The Babel package

(/usr/share/texlive/texmf-dist/tex/generic/babel/english.ldf
Language: english 2005/03/30 v3.3o English support from the babel system

(/usr/share/texlive/texmf-dist/tex/generic/babel/babel.def
File: babel.def 2008/07/08 v3.8m Babel common definitions
\babel@savecnt=\count91
\U@D=\dimen111
)
\l@canadian = a dialect from \language\l@american 
\l@australian = a dialect from \language\l@british 
\l@newzealand = a dialect from \language\l@british 
))
(/usr/share/texlive/texmf-dist/tex/latex/base/inputenc.sty
Package: inputenc 2008/03/30 v1.1d Input encoding file
\inpenc@prehook=\toks16
\inpenc@posthook=\toks17

(/usr/share/texlive/texmf-dist/tex/latex/base/latin1.def
File: latin1.def 2008/03/30 v1.1d Input encoding file
))
(/usr/share/texlive/texmf-dist/tex/latex/amsfonts/amsfonts.sty
Package: amsfonts 2009/06/22 v3.00 Basic AMSFonts support
\@emptytoks=\toks18
\symAMSa=\mathgroup4
\symAMSb=\mathgroup5
LaTeX Font Info:    Overwriting math alphabet `\mathfrak' in version `bold'
(Font)                  U/euf/m/n --> U/euf/b/n on input line 96.
)
(/usr/share/texlive/texmf-dist/tex/latex/amsfonts/amssymb.sty
Package: amssymb 2009/06/22 v3.00
)
(/usr/share/texlive/texmf-dist/tex/latex/amsmath/amsmath.sty
Package: amsmath 2000/07/18 v2.13 AMS math features
\@mathmargin=\skip43

For additional information on amsmath, use the `?' option.
(/usr/share/texlive/texmf-dist/tex/latex/amsmath/amstext.sty
Package: amstext 2000/06/29 v2.01

(/usr/share/texlive/texmf-dist/tex/latex/amsmath/amsgen.sty
File: amsgen.sty 1999/11/30 v2.0
\@emptytoks=\toks19
\ex@=\dimen112
))
(/usr/share/texlive/texmf-dist/tex/latex/amsmath/amsbsy.sty
Package: amsbsy 1999/11/29 v1.2d
\pmbraise@=\dimen113
)
(/usr/share/texlive/texmf-dist/tex/latex/amsmath/amsopn.sty
Package: amsopn 1999/12/14 v2.01 operator names
)
\inf@bad=\count92
LaTeX Info: Redefining \frac on input line 211.
\uproot@=\count93
\leftroot@=\count94
LaTeX Info: Redefining \overline on input line 307.
\classnum@=\count95
\DOTSCASE@=\count96
LaTeX Info: Redefining \ldots on input line 379.
LaTeX Info: Redefining \dots on input line 382.
LaTeX Info: Redefining \cdots on input line 467.
\Mathstrutbox@=\box26
\strutbox@=\box27
\big@size=\dimen114
LaTeX Font Info:    Redeclaring font encoding OML on input line 567.
LaTeX Font Info:    Redeclaring font encoding OMS on input line 568.
\macc@depth=\count97
\c@MaxMatrixCols=\count98
\dotsspace@=\muskip10
\c@parentequation=\count99
\dspbrk@lvl=\count100
\tag@help=\toks20
\row@=\count101
\column@=\count102
\maxfields@=\count103
\andhelp@=\toks21
\eqnshift@=\dimen115
\alignsep@=\dimen116
\tagshift@=\dimen117
\tagwidth@=\dimen118
\totwidth@=\dimen119
\lineht@=\dimen120
\@envbody=\toks22
\multlinegap=\skip44
\multlinetaggap=\skip45
\mathdisplay@stack=\toks23
LaTeX Info: Redefining \[ on input line 2666.
LaTeX Info: Redefining \] on input line 2667.
)
(/usr/share/texlive/texmf-dist/tex/latex/graphics/graphicx.sty
Package: graphicx 1999/02/16 v1.0f Enhanced LaTeX Graphics (DPC,SPQR)

(/usr/share/texlive/texmf-dist/tex/latex/graphics/graphics.sty
Package: graphics 2009/02/05 v1.0o Standard LaTeX Graphics (DPC,SPQR)

(/usr/share/texlive/texmf-dist/tex/latex/graphics/trig.sty
Package: trig 1999/03/16 v1.09 sin cos tan (DPC)
)
(/usr/share/texlive/texmf-dist/tex/latex/latexconfig/graphics.cfg
File: graphics.cfg 2010/04/23 v1.9 graphics configuration of TeX Live
)
Package graphics Info: Driver file: pdftex.def on input line 91.

(/usr/share/texlive/texmf-dist/tex/latex/pdftex-def/pdftex.def
File: pdftex.def 2011/05/27 v0.06d Graphics/color for pdfTeX

(/usr/share/texlive/texmf-dist/tex/generic/oberdiek/infwarerr.sty
Package: infwarerr 2010/04/08 v1.3 Providing info/warning/error messages (HO)
)
(/usr/share/texlive/texmf-dist/tex/generic/oberdiek/ltxcmds.sty
Package: ltxcmds 2011/11/09 v1.22 LaTeX kernel commands for general use (HO)
)
\Gread@gobject=\count104
))
\Gin@req@height=\dimen121
\Gin@req@width=\dimen122
)
(/usr/share/texlive/texmf-dist/tex/latex/float/float.sty
Package: float 2001/11/08 v1.3d Float enhancements (AL)
\c@float@type=\count105
\float@exts=\toks24
\float@box=\box28
\@float@everytoks=\toks25
\@floatcapt=\box29
)
(/usr/share/texlive/texmf-dist/tex/latex/hyperref/hyperref.sty
Package: hyperref 2012/05/13 v6.82q Hypertext links for LaTeX

(/usr/share/texlive/texmf-dist/tex/generic/oberdiek/hobsub-hyperref.sty
Package: hobsub-hyperref 2012/05/28 v1.13 Bundle oberdiek, subset hyperref (HO)


(/usr/share/texlive/texmf-dist/tex/generic/oberdiek/hobsub-generic.sty
Package: hobsub-generic 2012/05/28 v1.13 Bundle oberdiek, subset generic (HO)
Package: hobsub 2012/05/28 v1.13 Construct package bundles (HO)
Package hobsub Info: Skipping package `infwarerr' (already loaded).
Package hobsub Info: Skipping package `ltxcmds' (already loaded).
Package: ifluatex 2010/03/01 v1.3 Provides the ifluatex switch (HO)
Package ifluatex Info: LuaTeX not detected.
Package hobsub Info: Skipping package `ifvtex' (already loaded).
Package: intcalc 2007/09/27 v1.1 Expandable calculations with integers (HO)
Package hobsub Info: Skipping package `ifpdf' (already loaded).
Package: etexcmds 2011/02/16 v1.5 Avoid name clashes with e-TeX commands (HO)
Package etexcmds Info: Could not find \expanded.
(etexcmds)             That can mean that you are not using pdfTeX 1.50 or
(etexcmds)             that some package has redefined \expanded.
(etexcmds)             In the latter case, load this package earlier.
Package: kvsetkeys 2012/04/25 v1.16 Key value parser (HO)
Package: kvdefinekeys 2011/04/07 v1.3 Define keys (HO)
Package: pdftexcmds 2011/11/29 v0.20 Utility functions of pdfTeX for LuaTeX (HO
)
Package pdftexcmds Info: LuaTeX not detected.
Package pdftexcmds Info: \pdf@primitive is available.
Package pdftexcmds Info: \pdf@ifprimitive is available.
Package pdftexcmds Info: \pdfdraftmode found.
Package: pdfescape 2011/11/25 v1.13 Implements pdfTeX's escape features (HO)
Package: bigintcalc 2012/04/08 v1.3 Expandable calculations on big integers (HO
)
Package: bitset 2011/01/30 v1.1 Handle bit-vector datatype (HO)
Package: uniquecounter 2011/01/30 v1.2 Provide unlimited unique counter (HO)
)
Package hobsub Info: Skipping package `hobsub' (already loaded).
Package: letltxmacro 2010/09/02 v1.4 Let assignment for LaTeX macros (HO)
Package: hopatch 2012/05/28 v1.2 Wrapper for package hooks (HO)
Package: xcolor-patch 2011/01/30 xcolor patch
Package: atveryend 2011/06/30 v1.8 Hooks at the very end of document (HO)
Package atveryend Info: \enddocument detected (standard20110627).
Package: atbegshi 2011/10/05 v1.16 At begin shipout hook (HO)
Package: refcount 2011/10/16 v3.4 Data extraction from label references (HO)
Package: hycolor 2011/01/30 v1.7 Color options for hyperref/bookmark (HO)
)
(/usr/share/texlive/texmf-dist/tex/latex/oberdiek/kvoptions.sty
Package: kvoptions 2011/06/30 v3.11 Key value format for package options (HO)
)
\@linkdim=\dimen123
\Hy@linkcounter=\count106
\Hy@pagecounter=\count107

(/usr/share/texlive/texmf-dist/tex/latex/hyperref/pd1enc.def
File: pd1enc.def 2012/05/13 v6.82q Hyperref: PDFDocEncoding definition (HO)
)
\Hy@SavedSpaceFactor=\count108

(/usr/share/texlive/texmf-dist/tex/latex/latexconfig/hyperref.cfg
File: hyperref.cfg 2002/06/06 v1.2 hyperref configuration of TeXLive
)
Package hyperref Info: Hyper figures OFF on input line 4062.
Package hyperref Info: Link nesting OFF on input line 4067.
Package hyperref Info: Hyper index ON on input line 4070.
Package hyperref Info: Plain pages OFF on input line 4077.
Package hyperref Info: Backreferencing OFF on input line 4082.
Package hyperref Info: Implicit mode ON; LaTeX internals redefined.
Package hyperref Info: Bookmarks ON on input line 4300.
\c@Hy@tempcnt=\count109

(/usr/share/texlive/texmf-dist/tex/latex/url/url.sty
\Urlmuskip=\muskip11
Package: url 2006/04/12  ver 3.3  Verb mode for urls, etc.
)
LaTeX Info: Redefining \url on input line 4653.
\Fld@menulength=\count110
\Field@Width=\dimen124
\Fld@charsize=\dimen125
Package hyperref Info: Hyper figures OFF on input line 5773.
Package hyperref Info: Link nesting OFF on input line 5778.
Package hyperref Info: Hyper index ON on input line 5781.
Package hyperref Info: backreferencing OFF on input line 5788.
Package hyperref Info: Link coloring OFF on input line 5793.
Package hyperref Info: Link coloring with OCG OFF on input line 5798.
Package hyperref Info: PDF/A mode OFF on input line 5803.
LaTeX Info: Redefining \ref on input line 5843.
LaTeX Info: Redefining \pageref on input line 5847.
\Hy@abspage=\count111
\c@Item=\count112
\c@Hfootnote=\count113
)

Package hyperref Message: Driver: hpdftex.

(/usr/share/texlive/texmf-dist/tex/latex/hyperref/hpdftex.def
File: hpdftex.def 2012/05/13 v6.82q Hyperref driver for pdfTeX
\Fld@listcount=\count114
\c@bookmark@seq@number=\count115

(/usr/share/texlive/texmf-dist/tex/latex/oberdiek/rerunfilecheck.sty
Package: rerunfilecheck 2011/04/15 v1.7 Rerun checks for auxiliary files (HO)
Package uniquecounter Info: New unique counter `rerunfilecheck' on input line 2
82.
)
\Hy@SectionHShift=\skip46
)
(/usr/share/texlive/texmf-dist/tex/latex/base/makeidx.sty
Package: makeidx 2000/03/29 v1.0m Standard LaTeX package
)
\@indexfile=\write3
\openout3 = `3manifoldsArePlaneGraphs.idx'.


Writing index file 3manifoldsArePlaneGraphs.idx
(./3manifoldsArePlaneGraphs.aux

LaTeX Warning: Label `fig:switchingcrossing' multiply defined.

)
\openout1 = `3manifoldsArePlaneGraphs.aux'.

LaTeX Font Info:    Checking defaults for OML/cmm/m/it on input line 55.
LaTeX Font Info:    ... okay on input line 55.
LaTeX Font Info:    Checking defaults for T1/cmr/m/n on input line 55.
LaTeX Font Info:    ... okay on input line 55.
LaTeX Font Info:    Checking defaults for OT1/cmr/m/n on input line 55.
LaTeX Font Info:    ... okay on input line 55.
LaTeX Font Info:    Checking defaults for OMS/cmsy/m/n on input line 55.
LaTeX Font Info:    ... okay on input line 55.
LaTeX Font Info:    Checking defaults for OMX/cmex/m/n on input line 55.
LaTeX Font Info:    ... okay on input line 55.
LaTeX Font Info:    Checking defaults for U/cmr/m/n on input line 55.
LaTeX Font Info:    ... okay on input line 55.
LaTeX Font Info:    Checking defaults for PD1/pdf/m/n on input line 55.
LaTeX Font Info:    ... okay on input line 55.

*geometry* driver: auto-detecting
*geometry* detected driver: pdftex
*geometry* verbose mode - [ preamble ] result:
* driver: pdftex
* paper: a4paper
* layout: <same size as paper>
* layoutoffset:(h,v)=(0.0pt,0.0pt)
* modes: twoside 
* h-part:(L,W,R)=(28.45276pt, 526.37598pt, 42.67914pt)
* v-part:(T,H,B)=(70.56284pt, 668.63976pt, 105.84425pt)
* \paperwidth=597.50787pt
* \paperheight=845.04684pt
* \textwidth=526.37598pt
* \textheight=668.63976pt
* \oddsidemargin=-43.81723pt
* \evensidemargin=-29.59085pt
* \topmargin=-38.70715pt
* \headheight=12.0pt
* \headsep=25.0pt
* \topskip=12.0pt
* \footskip=30.0pt
* \marginparwidth=85.0pt
* \marginparsep=10.0pt
* \columnsep=10.0pt
* \skip\footins=10.8pt plus 4.0pt minus 2.0pt
* \hoffset=0.0pt
* \voffset=0.0pt
* \mag=1000
* \@twocolumnfalse
* \@twosidetrue
* \@mparswitchtrue
* \@reversemarginfalse
* (1in=72.27pt=25.4mm, 1cm=28.453pt)

(/usr/share/texlive/texmf-dist/tex/context/base/supp-pdf.mkii
[Loading MPS to PDF converter (version 2006.09.02).]
\scratchcounter=\count116
\scratchdimen=\dimen126
\scratchbox=\box30
\nofMPsegments=\count117
\nofMParguments=\count118
\everyMPshowfont=\toks26
\MPscratchCnt=\count119
\MPscratchDim=\dimen127
\MPnumerator=\count120
\makeMPintoPDFobject=\count121
\everyMPtoPDFconversion=\toks27
) (/usr/share/texlive/texmf-dist/tex/latex/oberdiek/epstopdf-base.sty
Package: epstopdf-base 2010/02/09 v2.5 Base part for package epstopdf

(/usr/share/texlive/texmf-dist/tex/latex/oberdiek/grfext.sty
Package: grfext 2010/08/19 v1.1 Manage graphics extensions (HO)
)
Package grfext Info: Graphics extension search list:
(grfext)             [.png,.pdf,.jpg,.mps,.jpeg,.jbig2,.jb2,.PNG,.PDF,.JPG,.JPE
G,.JBIG2,.JB2,.eps]
(grfext)             \AppendGraphicsExtensions on input line 452.

(/usr/share/texlive/texmf-dist/tex/latex/latexconfig/epstopdf-sys.cfg
File: epstopdf-sys.cfg 2010/07/13 v1.3 Configuration of (r)epstopdf for TeX Liv
e
))
\AtBeginShipoutBox=\box31
Package hyperref Info: Link coloring OFF on input line 55.

(/usr/share/texlive/texmf-dist/tex/latex/hyperref/nameref.sty
Package: nameref 2010/04/30 v2.40 Cross-referencing by name of section

(/usr/share/texlive/texmf-dist/tex/generic/oberdiek/gettitlestring.sty
Package: gettitlestring 2010/12/03 v1.4 Cleanup title references (HO)
)
\c@section@level=\count122
)
LaTeX Info: Redefining \ref on input line 55.
LaTeX Info: Redefining \pageref on input line 55.
LaTeX Info: Redefining \nameref on input line 55.

(./3manifoldsArePlaneGraphs.out) (./3manifoldsArePlaneGraphs.out)
\@outlinefile=\write4
\openout4 = `3manifoldsArePlaneGraphs.out'.

LaTeX Font Info:    Try loading font information for U+msa on input line 59.

(/usr/share/texlive/texmf-dist/tex/latex/amsfonts/umsa.fd
File: umsa.fd 2009/06/22 v3.00 AMS symbols A
)
LaTeX Font Info:    Try loading font information for U+msb on input line 59.

(/usr/share/texlive/texmf-dist/tex/latex/amsfonts/umsb.fd
File: umsb.fd 2009/06/22 v3.00 AMS symbols B
)
<A.figs/distinctblinkssamegraph.pdf, id=84, 217.00298pt x 36.51141pt>
File: A.figs/distinctblinkssamegraph.pdf Graphic file (type pdf)

<use A.figs/distinctblinkssamegraph.pdf>
Package pdftex.def Info: A.figs/distinctblinkssamegraph.pdf used on input line 
93.
(pdftex.def)             Requested size: 113.81102pt x 19.14871pt.

Underfull \hbox (badness 10000) in paragraph at lines 101--106

 []

[1

{/var/lib/texmf/fonts/map/pdftex/updmap/pdftex.map} <./A.figs/distinctblinkssam
egraph.pdf>] <A.figs/blinkcalculus.pdf, id=109, 566.51653pt x 336.49585pt>
File: A.figs/blinkcalculus.pdf Graphic file (type pdf)

<use A.figs/blinkcalculus.pdf>
Package pdftex.def Info: A.figs/blinkcalculus.pdf used on input line 107.
(pdftex.def)             Requested size: 455.24408pt x 270.40878pt.

Underfull \vbox (badness 6236) has occurred while \output is active []

 [2 <./A.figs/blinkcalculus.pdf>]

Package hyperref Warning: Token not allowed in a PDF string (PDFDocEncoding):
(hyperref)                removing `math shift' on input line 173.


Package hyperref Warning: Token not allowed in a PDF string (PDFDocEncoding):
(hyperref)                removing `superscript' on input line 173.


Package hyperref Warning: Token not allowed in a PDF string (PDFDocEncoding):
(hyperref)                removing `math shift' on input line 173.


Package hyperref Warning: Token not allowed in a PDF string (PDFDocEncoding):
(hyperref)                removing `math shift' on input line 173.


Package hyperref Warning: Token not allowed in a PDF string (PDFDocEncoding):
(hyperref)                removing `superscript' on input line 173.


Package hyperref Warning: Token not allowed in a PDF string (PDFDocEncoding):
(hyperref)                removing `math shift' on input line 173.

<A.figs/R3S3.pdf, id=123, 304.46147pt x 223.89949pt>
File: A.figs/R3S3.pdf Graphic file (type pdf)
 <use A.figs/R3S3.pdf>
Package pdftex.def Info: A.figs/R3S3.pdf used on input line 189.
(pdftex.def)             Requested size: 256.0748pt x 188.3305pt.

Underfull \vbox (badness 10000) has occurred while \output is active []

 [3]

Package hyperref Warning: Token not allowed in a PDF string (PDFDocEncoding):
(hyperref)                removing `math shift' on input line 222.


Package hyperref Warning: Token not allowed in a PDF string (PDFDocEncoding):
(hyperref)                removing `superscript' on input line 222.


Package hyperref Warning: Token not allowed in a PDF string (PDFDocEncoding):
(hyperref)                removing `math shift' on input line 222.

<A.figs/GettingImmersedBandSameWidth.pdf, id=134, 174.82816pt x 56.24216pt>
File: A.figs/GettingImmersedBandSameWidth.pdf Graphic file (type pdf)

<use A.figs/GettingImmersedBandSameWidth.pdf>
Package pdftex.def Info: A.figs/GettingImmersedBandSameWidth.pdf used on input 
line 236.
(pdftex.def)             Requested size: 170.71652pt x 54.92383pt.

Underfull \vbox (badness 10000) has occurred while \output is active []

 [4 <./A.figs/R3S3.pdf>] <A.figs/knotandframedknot.pdf, id=145, 363.573pt x 82.
2614pt>
File: A.figs/knotandframedknot.pdf Graphic file (type pdf)

<use A.figs/knotandframedknot.pdf>
Package pdftex.def Info: A.figs/knotandframedknot.pdf used on input line 258.
(pdftex.def)             Requested size: 241.84842pt x 54.72069pt.

<A.figs/plusoneminusonecrossing.pdf, id=146, 304.09248pt x 66.649pt>
File: A.figs/plusoneminusonecrossing.pdf Graphic file (type pdf)

<use A.figs/plusoneminusonecrossing.pdf>
Package pdftex.def Info: A.figs/plusoneminusonecrossing.pdf used on input line 
275.
(pdftex.def)             Requested size: 85.35826pt x 18.70836pt.

<A.figs/reidemeistermoves.pdf, id=148, 408.3506pt x 70.60109pt>
File: A.figs/reidemeistermoves.pdf Graphic file (type pdf)

<use A.figs/reidemeistermoves.pdf>
Package pdftex.def Info: A.figs/reidemeistermoves.pdf used on input line 281.
(pdftex.def)             Requested size: 199.16928pt x 34.43538pt.
 [5 <./A.figs/GettingImmersedBandSameWidth.pdf> <./A.figs/knotandframedknot.pdf


pdfTeX warning: /usr/bin/pdflatex (file ./A.figs/knotandframedknot.pdf): PDF in
clusion: multiple pdfs with page group included in a single page
> <./A.figs/plusoneminusonecrossing.pdf

pdfTeX warning: /usr/bin/pdflatex (file ./A.figs/plusoneminusonecrossing.pdf): 
PDF inclusion: multiple pdfs with page group included in a single page
> <./A.figs/reidemeistermoves.pdf

pdfTeX warning: /usr/bin/pdflatex (file ./A.figs/reidemeistermoves.pdf): PDF in
clusion: multiple pdfs with page group included in a single page
>] <A.figs/ribbonmovesimple.pdf, id=168, 129.75995pt x 72.94998pt>
File: A.figs/ribbonmovesimple.pdf Graphic file (type pdf)

<use A.figs/ribbonmovesimple.pdf>
Package pdftex.def Info: A.figs/ribbonmovesimple.pdf used on input line 319.
(pdftex.def)             Requested size: 71.13188pt x 39.99014pt.

<A.figs/flinkblink.pdf, id=170, 434.42412pt x 159.23416pt>
File: A.figs/flinkblink.pdf Graphic file (type pdf)

<use A.figs/flinkblink.pdf>
Package pdftex.def Info: A.figs/flinkblink.pdf used on input line 334.
(pdftex.def)             Requested size: 426.79134pt x 156.44202pt.


LaTeX Font Warning: Font shape `OT1/cmss/m/it' in size <12> not available
(Font)              Font shape `OT1/cmss/m/sl' tried instead on input line 352.


[6 <./A.figs/ribbonmovesimple.pdf> <./A.figs/flinkblink.pdf

pdfTeX warning: /usr/bin/pdflatex (file ./A.figs/flinkblink.pdf): PDF inclusion
: multiple pdfs with page group included in a single page
>]
<A.figs/surgerycoefficientsfromflink.pdf, id=187, 433.51042pt x 335.03679pt>
File: A.figs/surgerycoefficientsfromflink.pdf Graphic file (type pdf)

<use A.figs/surgerycoefficientsfromflink.pdf>
Package pdftex.def Info: A.figs/surgerycoefficientsfromflink.pdf used on input 
line 380.
(pdftex.def)             Requested size: 398.33858pt x 307.85925pt.

Underfull \vbox (badness 10000) has occurred while \output is active []

 [7]
[8 <./A.figs/surgerycoefficientsfromflink.pdf>]
<A.figs/handleslide.pdf, id=208, 508.02364pt x 168.93962pt>
File: A.figs/handleslide.pdf Graphic file (type pdf)

<use A.figs/handleslide.pdf>
Package pdftex.def Info: A.figs/handleslide.pdf used on input line 433.
(pdftex.def)             Requested size: 398.33858pt x 132.46837pt.

<A.figs/somenotation.pdf, id=213, 570.08276pt x 119.76024pt>
File: A.figs/somenotation.pdf Graphic file (type pdf)

<use A.figs/somenotation.pdf>
Package pdftex.def Info: A.figs/somenotation.pdf used on input line 466.
(pdftex.def)             Requested size: 469.47046pt x 98.62614pt.
 [9 <./A.figs/handleslide.pdf> <./A.figs/somenotation.pdf

pdfTeX warning: /usr/bin/pdflatex (file ./A.figs/somenotation.pdf): PDF inclusi
on: multiple pdfs with page group included in a single page
>] <A.figs/FennRourkeAndKauffmanMove.pdf, id=231, 315.4461pt x 106.00322pt>
File: A.figs/FennRourkeAndKauffmanMove.pdf Graphic file (type pdf)

<use A.figs/FennRourkeAndKauffmanMove.pdf>
Package pdftex.def Info: A.figs/FennRourkeAndKauffmanMove.pdf used on input lin
e 482.
(pdftex.def)             Requested size: 327.20668pt x 109.95767pt.
 [10 <./A.figs/FennRourkeAndKauffmanMove.pdf>] <A.figs/Martelli.pdf, id=261, 45
4.47345pt x 66.85704pt>
File: A.figs/Martelli.pdf Graphic file (type pdf)

<use A.figs/Martelli.pdf>
Package pdftex.def Info: A.figs/Martelli.pdf used on input line 548.
(pdftex.def)             Requested size: 469.47046pt x 69.06346pt.

<A.figs/switchingcrossing.pdf, id=266, 567.77881pt x 162.34924pt>
File: A.figs/switchingcrossing.pdf Graphic file (type pdf)

<use A.figs/switchingcrossing.pdf>
Package pdftex.def Info: A.figs/switchingcrossing.pdf used on input line 587.
(pdftex.def)             Requested size: 469.47046pt x 134.24446pt.

Underfull \vbox (badness 10000) has occurred while \output is active []

 [11 <./A.figs/Martelli.pdf>]
LaTeX Font Info:    Try loading font information for OMS+cmr on input line 605.

 (/usr/share/texlive/texmf-dist/tex/latex/base/omscmr.fd
File: omscmr.fd 1999/05/25 v2.5h Standard LaTeX font definitions
)
LaTeX Font Info:    Font shape `OMS/cmr/m/it' in size <12> not available
(Font)              Font shape `OMS/cmsy/m/n' tried instead on input line 605.

[12 <./A.figs/switchingcrossing.pdf>]
<A.figs/proofequivalencea3A3a4A4.pdf, id=303, 427.09851pt x 425.7877pt>
File: A.figs/proofequivalencea3A3a4A4.pdf Graphic file (type pdf)

<use A.figs/proofequivalencea3A3a4A4.pdf>
Package pdftex.def Info: A.figs/proofequivalencea3A3a4A4.pdf used on input line
 709.
(pdftex.def)             Requested size: 398.33858pt x 397.11545pt.

Underfull \vbox (badness 10000) has occurred while \output is active []

 [13]
<A.figs/flinkandlinktogether.pdf, id=325, 577.1288pt x 820.58101pt>
File: A.figs/flinkandlinktogether.pdf Graphic file (type pdf)

<use A.figs/flinkandlinktogether.pdf>
Package pdftex.def Info: A.figs/flinkandlinktogether.pdf used on input line 739
.
(pdftex.def)             Requested size: 403.9874pt x 574.4028pt.

Underfull \vbox (badness 1902) has occurred while \output is active []

 [14 <./A.figs/proofequivalencea3A3a4A4.pdf>]

Package hyperref Warning: Token not allowed in a PDF string (PDFDocEncoding):
(hyperref)                removing `math shift' on input line 750.


Package hyperref Warning: Token not allowed in a PDF string (PDFDocEncoding):
(hyperref)                removing `\pm' on input line 750.


Package hyperref Warning: Token not allowed in a PDF string (PDFDocEncoding):
(hyperref)                removing `\mu' on input line 750.


Package hyperref Warning: Token not allowed in a PDF string (PDFDocEncoding):
(hyperref)                removing `subscript' on input line 750.


Package hyperref Warning: Token not allowed in a PDF string (PDFDocEncoding):
(hyperref)                removing `superscript' on input line 750.


Package hyperref Warning: Token not allowed in a PDF string (PDFDocEncoding):
(hyperref)                removing `\pm' on input line 750.


Package hyperref Warning: Token not allowed in a PDF string (PDFDocEncoding):
(hyperref)                removing `math shift' on input line 750.


Underfull \vbox (badness 10000) has occurred while \output is active []

 [15 <./A.figs/flinkandlinktogether.pdf>]
<A.figs/changeexternalface.pdf, id=340, 573.91917pt x 116.7537pt>
File: A.figs/changeexternalface.pdf Graphic file (type pdf)

<use A.figs/changeexternalface.pdf>
Package pdftex.def Info: A.figs/changeexternalface.pdf used on input line 771.
(pdftex.def)             Requested size: 455.24408pt x 92.61208pt.

<A.figs/whitneytrickproof.pdf, id=343, 334.27383pt x 71.34496pt>
File: A.figs/whitneytrickproof.pdf Graphic file (type pdf)

<use A.figs/whitneytrickproof.pdf>
Package pdftex.def Info: A.figs/whitneytrickproof.pdf used on input line 812.
(pdftex.def)             Requested size: 128.0374pt x 27.3269pt.

<A.figs/reducedblinkcalculus.pdf, id=345, 514.33775pt x 135.22809pt>
File: A.figs/reducedblinkcalculus.pdf Graphic file (type pdf)

<use A.figs/reducedblinkcalculus.pdf>
Package pdftex.def Info: A.figs/reducedblinkcalculus.pdf used on input line 822
.
(pdftex.def)             Requested size: 478.32918pt x 125.76082pt.
 [16 <./A.figs/changeexternalface.pdf> <./A.figs/whitneytrickproof.pdf

pdfTeX warning: /usr/bin/pdflatex (file ./A.figs/whitneytrickproof.pdf): PDF in
clusion: multiple pdfs with page group included in a single page
>]
<A.figs/prime191Blinks-white-vertices.pdf, id=357, 391.93687pt x 364.55518pt>
File: A.figs/prime191Blinks-white-vertices.pdf Graphic file (type pdf)

<use A.figs/prime191Blinks-white-vertices.pdf>
Package pdftex.def Info: A.figs/prime191Blinks-white-vertices.pdf used on input
 line 838.
(pdftex.def)             Requested size: 450.7239pt x 419.23518pt.

Underfull \vbox (badness 10000) has occurred while \output is active []

 [17 <./A.figs/reducedblinkcalculus.pdf>]
Overfull \vbox (22.42874pt too high) has occurred while \output is active []


[18 <./A.figs/prime191Blinks-white-vertices.pdf>]
(./3manifoldsArePlaneGraphs.bbl [19])
Package atveryend Info: Empty hook `BeforeClearDocument' on input line 914.
 [20]
Package atveryend Info: Empty hook `AfterLastShipout' on input line 914.
 (./3manifoldsArePlaneGraphs.aux)
Package atveryend Info: Executing hook `AtVeryEndDocument' on input line 914.
Package atveryend Info: Executing hook `AtEndAfterFileList' on input line 914.
Package rerunfilecheck Info: File `3manifoldsArePlaneGraphs.out' has not change
d.
(rerunfilecheck)             Checksum: 275C19A69E3F555D3B8370DB5981B82D;1724.


LaTeX Warning: There were multiply-defined labels.

Package atveryend Info: Empty hook `AtVeryVeryEnd' on input line 914.
 ) 
Here is how much of TeX's memory you used:
 7137 strings out of 493485
 103525 string characters out of 3143526
 209701 words of memory out of 3000000
 10234 multiletter control sequences out of 15000+200000
 19284 words of font info for 74 fonts, out of 3000000 for 9000
 957 hyphenation exceptions out of 8191
 31i,8n,31p,2000b,444s stack positions out of 5000i,500n,10000p,200000b,50000s
</usr/share/texlive/texmf-dist/fonts/type1/public/amsfonts/cm/cmbx10.pfb></us
r/share/texlive/texmf-dist/fonts/type1/public/amsfonts/cm/cmbx12.pfb></usr/shar
e/texlive/texmf-dist/fonts/type1/public/amsfonts/cm/cmbxti10.pfb></usr/share/te
xlive/texmf-dist/fonts/type1/public/amsfonts/cm/cmex10.pfb></usr/share/texlive/
texmf-dist/fonts/type1/public/amsfonts/cm/cmitt10.pfb></usr/share/texlive/texmf
-dist/fonts/type1/public/amsfonts/cm/cmmi10.pfb></usr/share/texlive/texmf-dist/
fonts/type1/public/amsfonts/cm/cmmi12.pfb></usr/share/texlive/texmf-dist/fonts/
type1/public/amsfonts/cm/cmmi6.pfb></usr/share/texlive/texmf-dist/fonts/type1/p
ublic/amsfonts/cm/cmmi8.pfb></usr/share/texlive/texmf-dist/fonts/type1/public/a
msfonts/cm/cmr10.pfb></usr/share/texlive/texmf-dist/fonts/type1/public/amsfonts
/cm/cmr12.pfb></usr/share/texlive/texmf-dist/fonts/type1/public/amsfonts/cm/cmr
17.pfb></usr/share/texlive/texmf-dist/fonts/type1/public/amsfonts/cm/cmr6.pfb><
/usr/share/texlive/texmf-dist/fonts/type1/public/amsfonts/cm/cmr8.pfb></usr/sha
re/texlive/texmf-dist/fonts/type1/public/amsfonts/cm/cmss12.pfb></usr/share/tex
live/texmf-dist/fonts/type1/public/amsfonts/cm/cmssi12.pfb></usr/share/texlive/
texmf-dist/fonts/type1/public/amsfonts/cm/cmsy10.pfb></usr/share/texlive/texmf-
dist/fonts/type1/public/amsfonts/cm/cmsy6.pfb></usr/share/texlive/texmf-dist/fo
nts/type1/public/amsfonts/cm/cmsy7.pfb></usr/share/texlive/texmf-dist/fonts/typ
e1/public/amsfonts/cm/cmsy8.pfb></usr/share/texlive/texmf-dist/fonts/type1/publ
ic/amsfonts/cm/cmti10.pfb></usr/share/texlive/texmf-dist/fonts/type1/public/ams
fonts/cm/cmti12.pfb></usr/share/texlive/texmf-dist/fonts/type1/public/amsfonts/
symbols/msam10.pfb></usr/share/texlive/texmf-dist/fonts/type1/public/amsfonts/s
ymbols/msbm10.pfb>
Output written on 3manifoldsArePlaneGraphs.pdf (20 pages, 1322822 bytes).
PDF statistics:
 714 PDF objects out of 1000 (max. 8388607)
 556 compressed objects within 6 object streams
 91 named destinations out of 1000 (max. 500000)
 266 words of extra memory for PDF output out of 10000 (max. 10000000)

